\BOOKMARK [1][-]{section.1}{Introduction}{}% 1
\BOOKMARK [2][-]{subsection.1.1}{An overview}{section.1}% 2
\BOOKMARK [1][-]{section.2}{Lie groups}{}% 3
\BOOKMARK [2][-]{subsection.2.1}{Homomorphisms}{section.2}% 4
\BOOKMARK [2][-]{subsection.2.2}{Lie subgroups}{section.2}% 5
\BOOKMARK [2][-]{subsection.2.3}{Killing forms}{section.2}% 6
\BOOKMARK [2][-]{subsection.2.4}{Classifying spaces}{section.2}% 7
\BOOKMARK [1][-]{section.3}{Topological Phases of Matter and Non-Abelian Anyons}{}% 8
\BOOKMARK [2][-]{subsection.3.1}{Chern-Simons Theory}{section.3}% 9
\BOOKMARK [1][-]{section.4}{Connections and the Cartan formalism}{}% 10
\BOOKMARK [2][-]{subsection.4.1}{Connections}{section.4}% 11
\BOOKMARK [2][-]{subsection.4.2}{Curvature}{section.4}% 12
\BOOKMARK [1][-]{section.5}{Connections on Principal bundles}{}% 13
\BOOKMARK [2][-]{subsection.5.1}{Some equivalent notions}{section.5}% 14
\BOOKMARK [2][-]{subsection.5.2}{Chern-Weil Theory}{section.5}% 15
\BOOKMARK [3][-]{subsubsection.5.2.1}{Invariant polynomials}{subsection.5.2}% 16
\BOOKMARK [1][-]{section.6}{Quantization}{}% 17
\BOOKMARK [2][-]{subsection.6.1}{Line bundles and connections.}{section.6}% 18
\BOOKMARK [2][-]{subsection.6.2}{Geometric quantization}{section.6}% 19
\BOOKMARK [1][-]{section.7}{Path integrals}{}% 20
\BOOKMARK [2][-]{subsection.7.1}{Sigma models.}{section.7}% 21
\BOOKMARK [2][-]{subsection.7.2}{Feynman path integral}{section.7}% 22
\BOOKMARK [2][-]{subsection.7.3}{Topological Quantum Field Theory \(TQFT\) axioms.}{section.7}% 23
\BOOKMARK [2][-]{subsection.7.4}{Loop groups}{section.7}% 24
\BOOKMARK [3][-]{subsubsection.7.4.1}{Maurer-Cartan form.}{subsection.7.4}% 25
\BOOKMARK [2][-]{subsection.7.5}{The loop group}{section.7}% 26
\BOOKMARK [1][-]{section.8}{The Wess-Zumino-Witten Model}{}% 27
\BOOKMARK [2][-]{subsection.8.1}{Polyakov-Wiegmann formula}{section.8}% 28
\BOOKMARK [2][-]{subsection.8.2}{Line bundles over}{section.8}% 29
\BOOKMARK [2][-]{subsection.8.3}{An Euler characteristic of the gauge equivalence classes of SU\(2\)-connections}{section.8}% 30
\BOOKMARK [3][-]{subsubsection.8.3.1}{The Casson invariant.}{subsection.8.3}% 31
