\BOOKMARK [1][-]{section.1}{The Laplace Operator}{}% 1
\BOOKMARK [1][-]{section.2}{PDE Exercises}{}% 2
\BOOKMARK [1][-]{section.3}{Examples of distributions and their order}{}% 3
\BOOKMARK [1][-]{section.4}{Lie Derivatives}{}% 4
\BOOKMARK [1][-]{section.5}{Operators and Mathematical Physics}{}% 5
\BOOKMARK [2][-]{subsection.5.1}{The Heat Kernel}{section.5}% 6
\BOOKMARK [2][-]{subsection.5.2}{Magnetic fields}{section.5}% 7
\BOOKMARK [1][-]{section.6}{Yang Mills}{}% 8
\BOOKMARK [1][-]{section.7}{Metrics and Connections}{}% 9
\BOOKMARK [2][-]{subsection.7.1}{Curvature of a Connection}{section.7}% 10
\BOOKMARK [3][-]{subsubsection.7.1.1}{Local form and components}{subsection.7.1}% 11
\BOOKMARK [1][-]{section.8}{Berry Phase}{}% 12
\BOOKMARK [2][-]{subsection.8.1}{Introduction}{section.8}% 13
\BOOKMARK [2][-]{subsection.8.2}{Space of Rays}{section.8}% 14
\BOOKMARK [2][-]{subsection.8.3}{The Pancharatnam Connection}{section.8}% 15
\BOOKMARK [1][-]{section.9}{Some Probabilistic formula for the solutions of PDEs}{}% 16
\BOOKMARK [2][-]{subsection.9.1}{Feynman Kac}{section.9}% 17
\BOOKMARK [2][-]{subsection.9.2}{Schrodinger Operators}{section.9}% 18
\BOOKMARK [1][-]{section.10}{Complex Analysis}{}% 19
\BOOKMARK [2][-]{subsection.10.1}{Some definitions}{section.10}% 20
