mktextfm HoeflerText-Italic
mktextfm HoeflerText-Italic
mktextfm HoeflerText-Italic
mktextfm HoeflerText-Italic
mktextfm HoeflerText-Italic/B
mktextfm HoeflerText-Italic
mktextfm HoeflerText-Italic/I
mktextfm HoeflerText-Italic
mktextfm HoeflerText-Italic/BI
mktextfm HoeflerText-Italic
mktextfm HoeflerText-Italic
mktextfm HoeflerText-Italic
mktextfm HoeflerText-Italic
mktextfm HoeflerText-Italic
mktextfm HoeflerText-Italic/B
mktextfm HoeflerText-Italic
mktextfm HoeflerText-Italic/I
mktextfm HoeflerText-Italic
mktextfm HoeflerText-Italic/BI
mktextfm HoeflerText-Italic
mktextfm HoeflerText-Italic
mktextfm HoeflerText-Italic
mktextfm HoeflerText-Italic
mktextfm HoeflerText-Italic
mktextfm HoeflerText-Italic/B
mktextfm HoeflerText-Italic
mktextfm HoeflerText-Italic/I
mktextfm HoeflerText-Italic
mktextfm HoeflerText-Italic/BI
mktextfm HoeflerText-Italic
mktextfm HoeflerText-Italic
mktextfm HoeflerText-Italic
mktextfm HoeflerText-Italic
mktextfm HoeflerText-Italic
mktextfm HoeflerText-Italic/B
mktextfm HoeflerText-Italic
mktextfm HoeflerText-Italic/I
mktextfm HoeflerText-Italic
mktextfm HoeflerText-Italic/BI
mktextfm HoeflerText-Italic
mktextfm HoeflerText-Italic
mktextfm HoeflerText-Italic
mktextfm HoeflerText-Italic
mktextfm HoeflerText-Italic
mktextfm HoeflerText-Italic/B
mktextfm HoeflerText-Italic
mktextfm HoeflerText-Italic/I
mktextfm HoeflerText-Italic
mktextfm HoeflerText-Italic/BI
mktextfm HoeflerText-Italic
mktextfm HoeflerText-Italic
mktextfm HoeflerText-Italic
mktextfm HoeflerText-Italic
mktextfm HoeflerText-Italic
mktextfm HoeflerText-Italic/B
mktextfm HoeflerText-Italic
mktextfm HoeflerText-Italic/I
mktextfm HoeflerText-Italic
mktextfm HoeflerText-Italic/BI
mktextfm HoeflerText-Italic
mktextfm HoeflerText-Italic
mktextfm HoeflerText-Italic
mktextfm HoeflerText-Italic
mktextfm HoeflerText-Italic
mktextfm HoeflerText-Italic/B
mktextfm HoeflerText-Italic
mktextfm HoeflerText-Italic/I
mktextfm HoeflerText-Italic
mktextfm HoeflerText-Italic/BI
mktextfm HoeflerText-Italic
mktextfm HoeflerText-Italic
mktextfm HoeflerText-Italic
mktextfm HoeflerText-Italic
mktextfm HoeflerText-Italic
mktextfm HoeflerText-Italic/B
mktextfm HoeflerText-Italic
mktextfm HoeflerText-Italic/I
mktextfm HoeflerText-Italic
mktextfm HoeflerText-Italic/BI
mktextfm HoeflerText-Italic
mktextfm Monaco
mktextfm Monaco
mktextfm Monaco
mktextfm Monaco
mktextfm Monaco/B
mktextfm Monaco
mktextfm Monaco/I
mktextfm Monaco
mktextfm Monaco/BI
mktextfm Monaco
